error TS2688: Cannot find type definition file for 'babel__generator'.
  The file is in the program because:
    Entry point for implicit type library 'babel__generator'
error TS2688: Cannot find type definition file for 'babel__template'.
  The file is in the program because:
    Entry point for implicit type library 'babel__template'
error TS2688: Cannot find type definition file for 'babel__traverse'.
  The file is in the program because:
    Entry point for implicit type library 'babel__traverse'
error TS2688: Cannot find type definition file for 'deep-eql'.
  The file is in the program because:
    Entry point for implicit type library 'deep-eql'
error TS2688: Cannot find type definition file for 'http-cache-semantics'.
  The file is in the program because:
    Entry point for implicit type library 'http-cache-semantics'
error TS2688: Cannot find type definition file for 'ms'.
  The file is in the program because:
    Entry point for implicit type library 'ms'
