{"numTotalTestSuites":2,"numPassedTestSuites":0,"numFailedTestSuites":2,"numPendingTestSuites":0,"numTotalTests":6,"numPassedTests":1,"numFailedTests":5,"numPendingTests":0,"numTodoTests":0,"snapshot":{"added":0,"failure":false,"filesAdded":0,"filesRemoved":0,"filesRemovedList":[],"filesUnmatched":0,"filesUpdated":0,"matched":0,"total":0,"unchecked":0,"uncheckedKeysByFile":[],"unmatched":0,"updated":0,"didUpdate":false},"startTime":1771922345731,"success":false,"testResults":[{"assertionResults":[{"ancestorTitles":["PerfDashboard Component"],"fullName":"PerfDashboard Component should not render when isOpen is false","status":"failed","title":"should not render when isOpen is false","duration":31.41790000000003,"failureMessages":["AssertionError: expected <div …(2)>…(3)</div> to be null\n    at C:/AntigravityWorkspace/happytool_electron/haappytool_electron/test/components/PerfDashboard.test.tsx:91:38\n    at file:///C:/AntigravityWorkspace/happytool_electron/haappytool_electron/node_modules/@vitest/runner/dist/index.js:145:11\n    at file:///C:/AntigravityWorkspace/happytool_electron/haappytool_electron/node_modules/@vitest/runner/dist/index.js:915:26\n    at file:///C:/AntigravityWorkspace/happytool_electron/haappytool_electron/node_modules/@vitest/runner/dist/index.js:1243:20\n    at new Promise (<anonymous>)\n    at runWithTimeout (file:///C:/AntigravityWorkspace/happytool_electron/haappytool_electron/node_modules/@vitest/runner/dist/index.js:1209:10)\n    at file:///C:/AntigravityWorkspace/happytool_electron/haappytool_electron/node_modules/@vitest/runner/dist/index.js:1653:37\n    at Traces.$ (file:///C:/AntigravityWorkspace/happytool_electron/haappytool_electron/node_modules/vitest/dist/chunks/traces.CCmnQaNT.js:142:27)\n    at trace (file:///C:/AntigravityWorkspace/happytool_electron/haappytool_electron/node_modules/vitest/dist/chunks/test.B8ej_ZHS.js:239:21)\n    at runTest (file:///C:/AntigravityWorkspace/happytool_electron/haappytool_electron/node_modules/@vitest/runner/dist/index.js:1653:12)"],"meta":{}},{"ancestorTitles":["PerfDashboard Component"],"fullName":"PerfDashboard Component should show \"Ready to Analyze\" when no result and not analyzing","status":"passed","title":"should show \"Ready to Analyze\" when no result and not analyzing","duration":20.270999999999958,"failureMessages":[],"meta":{}},{"ancestorTitles":["PerfDashboard Component"],"fullName":"PerfDashboard Component should render header with result summary when result is provided","status":"failed","title":"should render header with result summary when result is provided","duration":32.633800000000065,"failureMessages":["ReferenceError: ResizeObserver is not defined\n    at C:/AntigravityWorkspace/happytool_electron/haappytool_electron/components/LogViewer/PerfDashboard.tsx:812:26\n    at Object.react_stack_bottom_frame (C:\\AntigravityWorkspace\\happytool_electron\\haappytool_electron\\node_modules\\react-dom\\cjs\\react-dom-client.development.js:25989:20)\n    at runWithFiberInDEV (C:\\AntigravityWorkspace\\happytool_electron\\haappytool_electron\\node_modules\\react-dom\\cjs\\react-dom-client.development.js:874:13)\n    at commitHookEffectListMount (C:\\AntigravityWorkspace\\happytool_electron\\haappytool_electron\\node_modules\\react-dom\\cjs\\react-dom-client.development.js:13249:29)\n    at commitHookPassiveMountEffects (C:\\AntigravityWorkspace\\happytool_electron\\haappytool_electron\\node_modules\\react-dom\\cjs\\react-dom-client.development.js:13336:11)\n    at commitPassiveMountOnFiber (C:\\AntigravityWorkspace\\happytool_electron\\haappytool_electron\\node_modules\\react-dom\\cjs\\react-dom-client.development.js:15484:13)\n    at recursivelyTraversePassiveMountEffects (C:\\AntigravityWorkspace\\happytool_electron\\haappytool_electron\\node_modules\\react-dom\\cjs\\react-dom-client.development.js:15439:11)\n    at commitPassiveMountOnFiber (C:\\AntigravityWorkspace\\happytool_electron\\haappytool_electron\\node_modules\\react-dom\\cjs\\react-dom-client.development.js:15718:11)\n    at recursivelyTraversePassiveMountEffects (C:\\AntigravityWorkspace\\happytool_electron\\haappytool_electron\\node_modules\\react-dom\\cjs\\react-dom-client.development.js:15439:11)\n    at commitPassiveMountOnFiber (C:\\AntigravityWorkspace\\happytool_electron\\haappytool_electron\\node_modules\\react-dom\\cjs\\react-dom-client.development.js:15476:11)"],"meta":{}},{"ancestorTitles":["PerfDashboard Component"],"fullName":"PerfDashboard Component should render scorecards in full screen mode","status":"failed","title":"should render scorecards in full screen mode","duration":10.18040000000019,"failureMessages":["ReferenceError: ResizeObserver is not defined\n    at C:/AntigravityWorkspace/happytool_electron/haappytool_electron/components/LogViewer/PerfDashboard.tsx:812:26\n    at Object.react_stack_bottom_frame (C:\\AntigravityWorkspace\\happytool_electron\\haappytool_electron\\node_modules\\react-dom\\cjs\\react-dom-client.development.js:25989:20)\n    at runWithFiberInDEV (C:\\AntigravityWorkspace\\happytool_electron\\haappytool_electron\\node_modules\\react-dom\\cjs\\react-dom-client.development.js:874:13)\n    at commitHookEffectListMount (C:\\AntigravityWorkspace\\happytool_electron\\haappytool_electron\\node_modules\\react-dom\\cjs\\react-dom-client.development.js:13249:29)\n    at commitHookPassiveMountEffects (C:\\AntigravityWorkspace\\happytool_electron\\haappytool_electron\\node_modules\\react-dom\\cjs\\react-dom-client.development.js:13336:11)\n    at commitPassiveMountOnFiber (C:\\AntigravityWorkspace\\happytool_electron\\haappytool_electron\\node_modules\\react-dom\\cjs\\react-dom-client.development.js:15484:13)\n    at recursivelyTraversePassiveMountEffects (C:\\AntigravityWorkspace\\happytool_electron\\haappytool_electron\\node_modules\\react-dom\\cjs\\react-dom-client.development.js:15439:11)\n    at commitPassiveMountOnFiber (C:\\AntigravityWorkspace\\happytool_electron\\haappytool_electron\\node_modules\\react-dom\\cjs\\react-dom-client.development.js:15718:11)\n    at recursivelyTraversePassiveMountEffects (C:\\AntigravityWorkspace\\happytool_electron\\haappytool_electron\\node_modules\\react-dom\\cjs\\react-dom-client.development.js:15439:11)\n    at commitPassiveMountOnFiber (C:\\AntigravityWorkspace\\happytool_electron\\haappytool_electron\\node_modules\\react-dom\\cjs\\react-dom-client.development.js:15476:11)"],"meta":{}},{"ancestorTitles":["PerfDashboard Component"],"fullName":"PerfDashboard Component should show search input","status":"failed","title":"should show search input","duration":6.729900000000043,"failureMessages":["ReferenceError: ResizeObserver is not defined\n    at C:/AntigravityWorkspace/happytool_electron/haappytool_electron/components/LogViewer/PerfDashboard.tsx:812:26\n    at Object.react_stack_bottom_frame (C:\\AntigravityWorkspace\\happytool_electron\\haappytool_electron\\node_modules\\react-dom\\cjs\\react-dom-client.development.js:25989:20)\n    at runWithFiberInDEV (C:\\AntigravityWorkspace\\happytool_electron\\haappytool_electron\\node_modules\\react-dom\\cjs\\react-dom-client.development.js:874:13)\n    at commitHookEffectListMount (C:\\AntigravityWorkspace\\happytool_electron\\haappytool_electron\\node_modules\\react-dom\\cjs\\react-dom-client.development.js:13249:29)\n    at commitHookPassiveMountEffects (C:\\AntigravityWorkspace\\happytool_electron\\haappytool_electron\\node_modules\\react-dom\\cjs\\react-dom-client.development.js:13336:11)\n    at commitPassiveMountOnFiber (C:\\AntigravityWorkspace\\happytool_electron\\haappytool_electron\\node_modules\\react-dom\\cjs\\react-dom-client.development.js:15484:13)\n    at recursivelyTraversePassiveMountEffects (C:\\AntigravityWorkspace\\happytool_electron\\haappytool_electron\\node_modules\\react-dom\\cjs\\react-dom-client.development.js:15439:11)\n    at commitPassiveMountOnFiber (C:\\AntigravityWorkspace\\happytool_electron\\haappytool_electron\\node_modules\\react-dom\\cjs\\react-dom-client.development.js:15718:11)\n    at recursivelyTraversePassiveMountEffects (C:\\AntigravityWorkspace\\happytool_electron\\haappytool_electron\\node_modules\\react-dom\\cjs\\react-dom-client.development.js:15439:11)\n    at commitPassiveMountOnFiber (C:\\AntigravityWorkspace\\happytool_electron\\haappytool_electron\\node_modules\\react-dom\\cjs\\react-dom-client.development.js:15476:11)"],"meta":{}},{"ancestorTitles":["PerfDashboard Component"],"fullName":"PerfDashboard Component should allow toggling thread lock mode via TID label click","status":"failed","title":"should allow toggling thread lock mode via TID label click","duration":8.215599999999995,"failureMessages":["ReferenceError: ResizeObserver is not defined\n    at C:/AntigravityWorkspace/happytool_electron/haappytool_electron/components/LogViewer/PerfDashboard.tsx:812:26\n    at Object.react_stack_bottom_frame (C:\\AntigravityWorkspace\\happytool_electron\\haappytool_electron\\node_modules\\react-dom\\cjs\\react-dom-client.development.js:25989:20)\n    at runWithFiberInDEV (C:\\AntigravityWorkspace\\happytool_electron\\haappytool_electron\\node_modules\\react-dom\\cjs\\react-dom-client.development.js:874:13)\n    at commitHookEffectListMount (C:\\AntigravityWorkspace\\happytool_electron\\haappytool_electron\\node_modules\\react-dom\\cjs\\react-dom-client.development.js:13249:29)\n    at commitHookPassiveMountEffects (C:\\AntigravityWorkspace\\happytool_electron\\haappytool_electron\\node_modules\\react-dom\\cjs\\react-dom-client.development.js:13336:11)\n    at commitPassiveMountOnFiber (C:\\AntigravityWorkspace\\happytool_electron\\haappytool_electron\\node_modules\\react-dom\\cjs\\react-dom-client.development.js:15484:13)\n    at recursivelyTraversePassiveMountEffects (C:\\AntigravityWorkspace\\happytool_electron\\haappytool_electron\\node_modules\\react-dom\\cjs\\react-dom-client.development.js:15439:11)\n    at commitPassiveMountOnFiber (C:\\AntigravityWorkspace\\happytool_electron\\haappytool_electron\\node_modules\\react-dom\\cjs\\react-dom-client.development.js:15718:11)\n    at recursivelyTraversePassiveMountEffects (C:\\AntigravityWorkspace\\happytool_electron\\haappytool_electron\\node_modules\\react-dom\\cjs\\react-dom-client.development.js:15439:11)\n    at commitPassiveMountOnFiber (C:\\AntigravityWorkspace\\happytool_electron\\haappytool_electron\\node_modules\\react-dom\\cjs\\react-dom-client.development.js:15476:11)"],"meta":{}}],"startTime":1771922347021,"endTime":1771922347130.2156,"status":"failed","message":"","name":"C:/AntigravityWorkspace/happytool_electron/haappytool_electron/test/components/PerfDashboard.test.tsx"}]}
